                      :-) GROMACS - gmx mdrun, 2022.3 (-:

Copyright 1991-2022 The GROMACS Authors.
GROMACS is free software; you can redistribute it and/or modify it
under the terms of the GNU Lesser General Public License
as published by the Free Software Foundation; either version 2.1
of the License, or (at your option) any later version.

                         Current GROMACS contributors:
       Mark Abraham           Andrey Alekseenko           Cathrine Bergh      
      Christian Blau            Eliane Briand               Kevin Boyd        
     Oliver Fleetwood         Stefan Fleischmann           Vytas Gapsys       
       Gaurav Garg           Gilles Gouaillardet            Alan Gray         
      Victor Holanda           M. Eric Irrgang              Joe Jordan        
    Christoph Junghans        Prashanth Kanduri           Sebastian Kehl      
     Sebastian Keller          Carsten Kutzner           Magnus Lundborg      
       Pascal Merz              Dmitry Morozov             Szilard Pall       
      Roland Schulz             Michael Shirts         David van der Spoel    
     Alessandra Villa      Sebastian Wingbermuehle        Artem Zhmurov       

                         Previous GROMACS contributors:
        Emile Apol             Rossen Apostolov           James Barnett       
  Herman J.C. Berendsen          Par Bjelkmar           Viacheslav Bolnykh    
    Aldert van Buuren          Carlo Camilloni           Rudi van Drunen      
      Anton Feenstra           Gerrit Groenhof            Bert de Groot       
      Anca Hamuraru           Vincent Hindriksen         Aleksei Iupinov      
   Dimitrios Karkoulis           Peter Kasson               Jiri Kraus        
       Per Larsson             Justin A. Lemkul           Viveca Lindahl      
      Erik Marklund           Pieter Meulenhoff           Vedran Miletic      
      Teemu Murtola              Sander Pronk            Alexey Shvetsov      
      Alfons Sijbers            Peter Tieleman             Jon Vincent        
     Teemu Virolainen         Christian Wennberg           Maarten Wolf       

                  Coordinated by the GROMACS project leaders:
                    Paul Bauer, Berk Hess, and Erik Lindahl

GROMACS:      gmx mdrun, version 2022.3
Executable:   /home/group/cubbli/opt/wkulig/cubbli22/gromacs-2022.3/bin/gmx
Data prefix:  /home/group/cubbli/opt/wkulig/cubbli22/gromacs-2022.3
Working dir:  /wrk/matspunt/coding/CELL_MODEL/tools/.tmp_run
Process ID:   2772874
Command line:
  gmx mdrun -nt 12 -pin on -deffnm 2-run -v

GROMACS version:    2022.3
Precision:          mixed
Memory model:       64 bit
MPI library:        thread_mpi
OpenMP support:     enabled (GMX_OPENMP_MAX_THREADS = 128)
GPU support:        CUDA
SIMD instructions:  AVX2_256
CPU FFT library:    fftw-3.3.8-sse2-avx-avx2-avx2_128
GPU FFT library:    cuFFT
RDTSCP usage:       enabled
TNG support:        enabled
Hwloc support:      disabled
Tracing support:    disabled
C compiler:         /usr/bin/gcc-11 GNU 11.2.0
C compiler flags:   -mavx2 -mfma -Wno-missing-field-initializers -fexcess-precision=fast -funroll-all-loops -O3 -DNDEBUG
C++ compiler:       /usr/bin/g++-11 GNU 11.2.0
C++ compiler flags: -mavx2 -mfma -Wno-missing-field-initializers -fexcess-precision=fast -funroll-all-loops -fopenmp -O3 -DNDEBUG
CUDA compiler:      /usr/local/cuda-11.8/bin/nvcc nvcc: NVIDIA (R) Cuda compiler driver;Copyright (c) 2005-2022 NVIDIA Corporation;Built on Wed_Sep_21_10:33:58_PDT_2022;Cuda compilation tools, release 11.8, V11.8.89;Build cuda_11.8.r11.8/compiler.31833905_0
CUDA compiler flags:-std=c++17;;-D_FORCE_INLINES;-mavx2 -mfma -Wno-missing-field-initializers -fexcess-precision=fast -funroll-all-loops -fopenmp -O3 -DNDEBUG
CUDA driver:        12.0
CUDA runtime:       11.80


Running on 1 node with total 8 cores, 16 processing units, 1 compatible GPU
Hardware detected:
  CPU info:
    Vendor: Intel
    Brand:  Intel(R) Xeon(R) W-2145 CPU @ 3.70GHz
    Family: 6   Model: 85   Stepping: 4
    Features: aes apic avx avx2 avx512f avx512cd avx512bw avx512vl avx512secondFMA clfsh cmov cx8 cx16 f16c fma hle htt intel lahf mmx msr nonstop_tsc pcid pclmuldq pdcm pdpe1gb popcnt pse rdrnd rdtscp rtm sse2 sse3 sse4.1 sse4.2 ssse3 tdt x2apic
    Number of AVX-512 FMA units: 2
  Hardware topology: Basic
    Packages, cores, and logical processors:
    [indices refer to OS logical processors]
      Package  0: [   0   8] [   1   9] [   2  10] [   3  11] [   4  12] [   5  13] [   6  14] [   7  15]
    CPU limit set by OS: -1   Recommended max number of threads: 16
  GPU info:
    Number of GPUs detected: 1
    #0: NVIDIA NVIDIA GeForce RTX 2080, compute cap.: 7.5, ECC:  no, stat: compatible

Highest SIMD level supported by all nodes in run: AVX_512
SIMD instructions selected at compile time:       AVX2_256
This program was compiled for different hardware than you are running on,
which could influence performance. This build might have been configured on a
login node with only a single AVX-512 FMA unit (in which case AVX2 is faster),
while the node you are running on has dual AVX-512 FMA units.

++++ PLEASE READ AND CITE THE FOLLOWING REFERENCE ++++
M. J. Abraham, T. Murtola, R. Schulz, S. Páll, J. C. Smith, B. Hess, E.
Lindahl
GROMACS: High performance molecular simulations through multi-level
parallelism from laptops to supercomputers
SoftwareX 1 (2015) pp. 19-25
-------- -------- --- Thank You --- -------- --------


++++ PLEASE READ AND CITE THE FOLLOWING REFERENCE ++++
S. Páll, M. J. Abraham, C. Kutzner, B. Hess, E. Lindahl
Tackling Exascale Software Challenges in Molecular Dynamics Simulations with
GROMACS
In S. Markidis & E. Laure (Eds.), Solving Software Challenges for Exascale 8759 (2015) pp. 3-27
-------- -------- --- Thank You --- -------- --------


++++ PLEASE READ AND CITE THE FOLLOWING REFERENCE ++++
S. Pronk, S. Páll, R. Schulz, P. Larsson, P. Bjelkmar, R. Apostolov, M. R.
Shirts, J. C. Smith, P. M. Kasson, D. van der Spoel, B. Hess, and E. Lindahl
GROMACS 4.5: a high-throughput and highly parallel open source molecular
simulation toolkit
Bioinformatics 29 (2013) pp. 845-54
-------- -------- --- Thank You --- -------- --------


++++ PLEASE READ AND CITE THE FOLLOWING REFERENCE ++++
B. Hess and C. Kutzner and D. van der Spoel and E. Lindahl
GROMACS 4: Algorithms for highly efficient, load-balanced, and scalable
molecular simulation
J. Chem. Theory Comput. 4 (2008) pp. 435-447
-------- -------- --- Thank You --- -------- --------


++++ PLEASE READ AND CITE THE FOLLOWING REFERENCE ++++
D. van der Spoel, E. Lindahl, B. Hess, G. Groenhof, A. E. Mark and H. J. C.
Berendsen
GROMACS: Fast, Flexible and Free
J. Comp. Chem. 26 (2005) pp. 1701-1719
-------- -------- --- Thank You --- -------- --------


++++ PLEASE READ AND CITE THE FOLLOWING REFERENCE ++++
E. Lindahl and B. Hess and D. van der Spoel
GROMACS 3.0: A package for molecular simulation and trajectory analysis
J. Mol. Mod. 7 (2001) pp. 306-317
-------- -------- --- Thank You --- -------- --------


++++ PLEASE READ AND CITE THE FOLLOWING REFERENCE ++++
H. J. C. Berendsen, D. van der Spoel and R. van Drunen
GROMACS: A message-passing parallel molecular dynamics implementation
Comp. Phys. Comm. 91 (1995) pp. 43-56
-------- -------- --- Thank You --- -------- --------


++++ PLEASE CITE THE DOI FOR THIS VERSION OF GROMACS ++++
https://doi.org/10.5281/zenodo.7037338
-------- -------- --- Thank You --- -------- --------

Input Parameters:
   integrator                     = md
   tinit                          = 0
   dt                             = 0.02
   nsteps                         = 50000
   init-step                      = 0
   simulation-part                = 1
   mts                            = false
   comm-mode                      = Linear
   nstcomm                        = 100
   bd-fric                        = 0
   ld-seed                        = -4719878
   emtol                          = 10
   emstep                         = 0.01
   niter                          = 20
   fcstep                         = 0
   nstcgsteep                     = 1000
   nbfgscorr                      = 10
   rtpi                           = 0.05
   nstxout                        = 0
   nstvout                        = 0
   nstfout                        = 0
   nstlog                         = 1000
   nstcalcenergy                  = 100
   nstenergy                      = 100
   nstxout-compressed             = 1000
   compressed-x-precision         = 100
   cutoff-scheme                  = Verlet
   nstlist                        = 20
   pbc                            = xyz
   periodic-molecules             = false
   verlet-buffer-tolerance        = 0.005
   rlist                          = 1.1
   coulombtype                    = Cut-off
   coulomb-modifier               = Potential-shift
   rcoulomb-switch                = 0
   rcoulomb                       = 1.1
   epsilon-r                      = 15
   epsilon-rf                     = inf
   vdw-type                       = Cut-off
   vdw-modifier                   = Potential-shift
   rvdw-switch                    = 0
   rvdw                           = 1.1
   DispCorr                       = No
   table-extension                = 1
   fourierspacing                 = 0.12
   fourier-nx                     = 0
   fourier-ny                     = 0
   fourier-nz                     = 0
   pme-order                      = 4
   ewald-rtol                     = 1e-05
   ewald-rtol-lj                  = 0.001
   lj-pme-comb-rule               = Geometric
   ewald-geometry                 = 3d
   epsilon-surface                = 0
   tcoupl                         = Berendsen
   nsttcouple                     = 10
   nh-chain-length                = 0
   print-nose-hoover-chain-variables = false
   pcoupl                         = No
   pcoupltype                     = Isotropic
   nstpcouple                     = -1
   tau-p                          = 12
   compressibility (3x3):
      compressibility[    0]={ 0.00000e+00,  0.00000e+00,  0.00000e+00}
      compressibility[    1]={ 0.00000e+00,  0.00000e+00,  0.00000e+00}
      compressibility[    2]={ 0.00000e+00,  0.00000e+00,  0.00000e+00}
   ref-p (3x3):
      ref-p[    0]={ 0.00000e+00,  0.00000e+00,  0.00000e+00}
      ref-p[    1]={ 0.00000e+00,  0.00000e+00,  0.00000e+00}
      ref-p[    2]={ 0.00000e+00,  0.00000e+00,  0.00000e+00}
   refcoord-scaling               = No
   posres-com (3):
      posres-com[0]= 0.00000e+00
      posres-com[1]= 0.00000e+00
      posres-com[2]= 0.00000e+00
   posres-comB (3):
      posres-comB[0]= 0.00000e+00
      posres-comB[1]= 0.00000e+00
      posres-comB[2]= 0.00000e+00
   QMMM                           = false
qm-opts:
   ngQM                           = 0
   constraint-algorithm           = Lincs
   continuation                   = false
   Shake-SOR                      = false
   shake-tol                      = 0.0001
   lincs-order                    = 4
   lincs-iter                     = 1
   lincs-warnangle                = 30
   nwall                          = 0
   wall-type                      = 9-3
   wall-r-linpot                  = -1
   wall-atomtype[0]               = -1
   wall-atomtype[1]               = -1
   wall-density[0]                = 0
   wall-density[1]                = 0
   wall-ewald-zfac                = 3
   pull                           = false
   awh                            = false
   rotation                       = false
   interactiveMD                  = false
   disre                          = No
   disre-weighting                = Conservative
   disre-mixed                    = false
   dr-fc                          = 1000
   dr-tau                         = 0
   nstdisreout                    = 100
   orire-fc                       = 0
   orire-tau                      = 0
   nstorireout                    = 100
   free-energy                    = no
   cos-acceleration               = 0
   deform (3x3):
      deform[    0]={ 0.00000e+00,  0.00000e+00,  0.00000e+00}
      deform[    1]={ 0.00000e+00,  0.00000e+00,  0.00000e+00}
      deform[    2]={ 0.00000e+00,  0.00000e+00,  0.00000e+00}
   simulated-tempering            = false
   swapcoords                     = no
   userint1                       = 0
   userint2                       = 0
   userint3                       = 0
   userint4                       = 0
   userreal1                      = 0
   userreal2                      = 0
   userreal3                      = 0
   userreal4                      = 0
   applied-forces:
     electric-field:
       x:
         E0                       = 0
         omega                    = 0
         t0                       = 0
         sigma                    = 0
       y:
         E0                       = 0
         omega                    = 0
         t0                       = 0
         sigma                    = 0
       z:
         E0                       = 0
         omega                    = 0
         t0                       = 0
         sigma                    = 0
     density-guided-simulation:
       active                     = false
       group                      = protein
       similarity-measure         = inner-product
       atom-spreading-weight      = unity
       force-constant             = 1e+09
       gaussian-transform-spreading-width = 0.2
       gaussian-transform-spreading-range-in-multiples-of-width = 4
       reference-density-filename = reference.mrc
       nst                        = 1
       normalize-densities        = true
       adaptive-force-scaling     = false
       adaptive-force-scaling-time-constant = 4
       shift-vector               = 
       transformation-matrix      = 
     qmmm-cp2k:
       active                     = false
       qmgroup                    = System
       qmmethod                   = PBE
       qmfilenames                = 
       qmcharge                   = 0
       qmmultiplicity             = 1
grpopts:
   nrdf:         540
   ref-t:         310
   tau-t:           1
annealing:          No
annealing-npoints:           0
   acc:	           0           0           0
   nfreeze:           N           N           N
   energygrp-flags[  0]: 0

Changing nstlist from 20 to 50, rlist from 1.1 to 1.195

When checking whether update groups are usable:
  Domain decomposition is not active, so there is no need for update groups
  No constraints or virtual sites are in use, so it is best not to use update groups
1 GPU selected for this run.
Mapping of GPU IDs to the 1 GPU task in the 1 rank on this node:
  PP:0
PP tasks will do (non-perturbed) short-ranged interactions on the GPU
PP task will update and constrain coordinates on the CPU
Using 1 MPI thread
Using 12 OpenMP threads 

Pinning threads with an auto-selected logical cpu stride of 1
System total charge: 0.000
Potential shift: LJ r^-12: -3.186e-01 r^-6: -5.645e-01, Coulomb -9e-01


Using GPU 8x8 nonbonded short-range kernels

Using a dual 8x8 pair-list setup updated with dynamic, rolling pruning:
  outer list: updated every 50 steps, buffer 0.095 nm, rlist 1.195 nm
  inner list: updated every 32 steps, buffer 0.003 nm, rlist 1.103 nm
At tolerance 0.005 kJ/mol/ps per atom, equivalent classical 1x1 list would be:
  outer list: updated every 50 steps, buffer 0.325 nm, rlist 1.425 nm
  inner list: updated every 32 steps, buffer 0.157 nm, rlist 1.257 nm

Using Geometric Lennard-Jones combination rule
Removing pbc first time

++++ PLEASE READ AND CITE THE FOLLOWING REFERENCE ++++
H. J. C. Berendsen, J. P. M. Postma, A. DiNola and J. R. Haak
Molecular dynamics with coupling to an external bath
J. Chem. Phys. 81 (1984) pp. 3684-3690
-------- -------- --- Thank You --- -------- --------

There are: 181 Atoms
Center of mass motion removal mode is Linear
We have the following groups for center of mass motion removal:
  0:  rest
Initial temperature: 299.967 K

Started mdrun on rank 0 Tue Jun  6 10:41:25 2023

           Step           Time
              0        0.00000

   Energies (kJ/mol)
           Bond        LJ (SR)   Coulomb (SR)      Potential    Kinetic En.
    1.06496e+03   -6.44097e+02    0.00000e+00    4.20866e+02    6.73357e+02
   Total Energy  Conserved En.    Temperature Pressure (bar)
    1.09422e+03    1.09422e+03    2.99949e+02    5.96466e+01

           Step           Time
           1000       20.00000

   Energies (kJ/mol)
           Bond        LJ (SR)   Coulomb (SR)      Potential    Kinetic En.
    1.64196e+03   -3.66143e+02    0.00000e+00    1.27581e+03    7.16176e+02
   Total Energy  Conserved En.    Temperature Pressure (bar)
    1.99199e+03    1.08664e+03    3.19023e+02   -5.67880e+01

           Step           Time
           2000       40.00000

   Energies (kJ/mol)
           Bond        LJ (SR)   Coulomb (SR)      Potential    Kinetic En.
    1.64628e+03   -3.73683e+02    0.00000e+00    1.27260e+03    7.04661e+02
   Total Energy  Conserved En.    Temperature Pressure (bar)
    1.97726e+03    1.07755e+03    3.13894e+02   -2.37013e+01

           Step           Time
           3000       60.00000

   Energies (kJ/mol)
           Bond        LJ (SR)   Coulomb (SR)      Potential    Kinetic En.
    1.62323e+03   -3.10471e+02    0.00000e+00    1.31275e+03    7.06290e+02
   Total Energy  Conserved En.    Temperature Pressure (bar)
    2.01904e+03    1.06722e+03    3.14619e+02    2.12604e+01

           Step           Time
           4000       80.00000

   Energies (kJ/mol)
           Bond        LJ (SR)   Coulomb (SR)      Potential    Kinetic En.
    1.57522e+03   -3.02497e+02    0.00000e+00    1.27272e+03    7.00387e+02
   Total Energy  Conserved En.    Temperature Pressure (bar)
    1.97311e+03    1.05818e+03    3.11990e+02    6.05392e+01

           Step           Time
           5000      100.00000

   Energies (kJ/mol)
           Bond        LJ (SR)   Coulomb (SR)      Potential    Kinetic En.
    1.64177e+03   -2.90557e+02    0.00000e+00    1.35121e+03    6.27568e+02
   Total Energy  Conserved En.    Temperature Pressure (bar)
    1.97878e+03    1.04552e+03    2.79552e+02    2.02869e+01

           Step           Time
           6000      120.00000

   Energies (kJ/mol)
           Bond        LJ (SR)   Coulomb (SR)      Potential    Kinetic En.
    1.64797e+03   -3.35228e+02    0.00000e+00    1.31274e+03    6.85906e+02
   Total Energy  Conserved En.    Temperature Pressure (bar)
    1.99864e+03    1.03469e+03    3.05539e+02   -4.15297e+01

           Step           Time
           7000      140.00000

   Energies (kJ/mol)
           Bond        LJ (SR)   Coulomb (SR)      Potential    Kinetic En.
    1.62045e+03   -3.40622e+02    0.00000e+00    1.27982e+03    7.37563e+02
   Total Energy  Conserved En.    Temperature Pressure (bar)
    2.01739e+03    1.02664e+03    3.28550e+02    2.84812e+01

           Step           Time
           8000      160.00000

   Energies (kJ/mol)
           Bond        LJ (SR)   Coulomb (SR)      Potential    Kinetic En.
    1.59208e+03   -3.43857e+02    0.00000e+00    1.24823e+03    7.27602e+02
   Total Energy  Conserved En.    Temperature Pressure (bar)
    1.97583e+03    1.01452e+03    3.24113e+02    2.91013e+01

           Step           Time
           9000      180.00000

   Energies (kJ/mol)
           Bond        LJ (SR)   Coulomb (SR)      Potential    Kinetic En.
    1.67147e+03   -3.82585e+02    0.00000e+00    1.28889e+03    7.17426e+02
   Total Energy  Conserved En.    Temperature Pressure (bar)
    2.00631e+03    1.00568e+03    3.19580e+02   -7.22427e+01

           Step           Time
          10000      200.00000

   Energies (kJ/mol)
           Bond        LJ (SR)   Coulomb (SR)      Potential    Kinetic En.
    1.61766e+03   -3.57020e+02    0.00000e+00    1.26064e+03    7.02325e+02
   Total Energy  Conserved En.    Temperature Pressure (bar)
    1.96297e+03    9.95852e+02    3.12853e+02   -1.77122e+01

           Step           Time
          11000      220.00000

   Energies (kJ/mol)
           Bond        LJ (SR)   Coulomb (SR)      Potential    Kinetic En.
    1.67484e+03   -3.72258e+02    0.00000e+00    1.30259e+03    6.62241e+02
   Total Energy  Conserved En.    Temperature Pressure (bar)
    1.96483e+03    9.83828e+02    2.94997e+02   -8.25560e+01

           Step           Time
          12000      240.00000

   Energies (kJ/mol)
           Bond        LJ (SR)   Coulomb (SR)      Potential    Kinetic En.
    1.58197e+03   -3.30305e+02    0.00000e+00    1.25166e+03    7.16537e+02
   Total Energy  Conserved En.    Temperature Pressure (bar)
    1.96820e+03    9.75417e+02    3.19184e+02    4.01870e+01

           Step           Time
          13000      260.00000

   Energies (kJ/mol)
           Bond        LJ (SR)   Coulomb (SR)      Potential    Kinetic En.
    1.67811e+03   -3.69134e+02    0.00000e+00    1.30897e+03    6.45219e+02
   Total Energy  Conserved En.    Temperature Pressure (bar)
    1.95419e+03    9.66257e+02    2.87415e+02   -5.40893e+01

           Step           Time
          14000      280.00000

   Energies (kJ/mol)
           Bond        LJ (SR)   Coulomb (SR)      Potential    Kinetic En.
    1.63364e+03   -3.46149e+02    0.00000e+00    1.28749e+03    6.77660e+02
   Total Energy  Conserved En.    Temperature Pressure (bar)
    1.96515e+03    9.57068e+02    3.01866e+02   -7.97175e+00

           Step           Time
          15000      300.00000

   Energies (kJ/mol)
           Bond        LJ (SR)   Coulomb (SR)      Potential    Kinetic En.
    1.64802e+03   -3.66370e+02    0.00000e+00    1.28165e+03    6.84256e+02
   Total Energy  Conserved En.    Temperature Pressure (bar)
    1.96590e+03    9.47631e+02    3.04804e+02   -4.66259e+01

           Step           Time
          16000      320.00000

   Energies (kJ/mol)
           Bond        LJ (SR)   Coulomb (SR)      Potential    Kinetic En.
    1.60857e+03   -3.44328e+02    0.00000e+00    1.26424e+03    6.74578e+02
   Total Energy  Conserved En.    Temperature Pressure (bar)
    1.93882e+03    9.38520e+02    3.00493e+02   -4.26369e+00

           Step           Time
          17000      340.00000

   Energies (kJ/mol)
           Bond        LJ (SR)   Coulomb (SR)      Potential    Kinetic En.
    1.59727e+03   -3.34848e+02    0.00000e+00    1.26242e+03    6.92574e+02
   Total Energy  Conserved En.    Temperature Pressure (bar)
    1.95499e+03    9.30205e+02    3.08509e+02    2.67978e+01

           Step           Time
          18000      360.00000

   Energies (kJ/mol)
           Bond        LJ (SR)   Coulomb (SR)      Potential    Kinetic En.
    1.55551e+03   -2.83578e+02    0.00000e+00    1.27193e+03    6.69364e+02
   Total Energy  Conserved En.    Temperature Pressure (bar)
    1.94130e+03    9.24973e+02    2.98170e+02    4.96671e+01

           Step           Time
          19000      380.00000

   Energies (kJ/mol)
           Bond        LJ (SR)   Coulomb (SR)      Potential    Kinetic En.
    1.61730e+03   -3.40730e+02    0.00000e+00    1.27657e+03    6.93587e+02
   Total Energy  Conserved En.    Temperature Pressure (bar)
    1.97016e+03    9.15155e+02    3.08960e+02    2.26272e+01

           Step           Time
          20000      400.00000

   Energies (kJ/mol)
           Bond        LJ (SR)   Coulomb (SR)      Potential    Kinetic En.
    1.55248e+03   -3.03183e+02    0.00000e+00    1.24929e+03    6.94179e+02
   Total Energy  Conserved En.    Temperature Pressure (bar)
    1.94347e+03    9.07364e+02    3.09224e+02    7.03468e+01

           Step           Time
          21000      420.00000

   Energies (kJ/mol)
           Bond        LJ (SR)   Coulomb (SR)      Potential    Kinetic En.
    1.56112e+03   -3.21260e+02    0.00000e+00    1.23986e+03    7.12992e+02
   Total Energy  Conserved En.    Temperature Pressure (bar)
    1.95285e+03    9.00307e+02    3.17605e+02    2.59741e+01

           Step           Time
          22000      440.00000

   Energies (kJ/mol)
           Bond        LJ (SR)   Coulomb (SR)      Potential    Kinetic En.
    1.61896e+03   -3.90036e+02    0.00000e+00    1.22892e+03    7.01393e+02
   Total Energy  Conserved En.    Temperature Pressure (bar)
    1.93032e+03    8.90099e+02    3.12438e+02   -5.61600e+01

           Step           Time
          23000      460.00000

   Energies (kJ/mol)
           Bond        LJ (SR)   Coulomb (SR)      Potential    Kinetic En.
    1.57909e+03   -3.04444e+02    0.00000e+00    1.27464e+03    6.76968e+02
   Total Energy  Conserved En.    Temperature Pressure (bar)
    1.95161e+03    8.83672e+02    3.01558e+02    1.62230e+01

           Step           Time
          24000      480.00000

   Energies (kJ/mol)
           Bond        LJ (SR)   Coulomb (SR)      Potential    Kinetic En.
    1.56247e+03   -3.81908e+02    0.00000e+00    1.18056e+03    7.62649e+02
   Total Energy  Conserved En.    Temperature Pressure (bar)
    1.94321e+03    8.72172e+02    3.39724e+02   -2.05640e-01

           Step           Time
          25000      500.00000

   Energies (kJ/mol)
           Bond        LJ (SR)   Coulomb (SR)      Potential    Kinetic En.
    1.55271e+03   -3.16207e+02    0.00000e+00    1.23651e+03    7.09145e+02
   Total Energy  Conserved En.    Temperature Pressure (bar)
    1.94565e+03    8.65523e+02    3.15891e+02    1.08845e+01

           Step           Time
          26000      520.00000

   Energies (kJ/mol)
           Bond        LJ (SR)   Coulomb (SR)      Potential    Kinetic En.
    1.56231e+03   -3.38519e+02    0.00000e+00    1.22379e+03    7.17521e+02
   Total Energy  Conserved En.    Temperature Pressure (bar)
    1.94131e+03    8.55532e+02    3.19622e+02    1.69935e+01

           Step           Time
          27000      540.00000

   Energies (kJ/mol)
           Bond        LJ (SR)   Coulomb (SR)      Potential    Kinetic En.
    1.55844e+03   -3.66639e+02    0.00000e+00    1.19180e+03    7.43160e+02
   Total Energy  Conserved En.    Temperature Pressure (bar)
    1.93496e+03    8.47802e+02    3.31043e+02    1.81503e+01

           Step           Time
          28000      560.00000

   Energies (kJ/mol)
           Bond        LJ (SR)   Coulomb (SR)      Potential    Kinetic En.
    1.64956e+03   -4.23009e+02    0.00000e+00    1.22655e+03    7.03640e+02
   Total Energy  Conserved En.    Temperature Pressure (bar)
    1.93019e+03    8.37851e+02    3.13439e+02   -7.50316e+01

           Step           Time
          29000      580.00000

   Energies (kJ/mol)
           Bond        LJ (SR)   Coulomb (SR)      Potential    Kinetic En.
    1.55591e+03   -3.66704e+02    0.00000e+00    1.18921e+03    7.26359e+02
   Total Energy  Conserved En.    Temperature Pressure (bar)
    1.91557e+03    8.30810e+02    3.23559e+02    1.46620e+00

           Step           Time
          30000      600.00000

   Energies (kJ/mol)
           Bond        LJ (SR)   Coulomb (SR)      Potential    Kinetic En.
    1.62280e+03   -3.79743e+02    0.00000e+00    1.24306e+03    6.81517e+02
   Total Energy  Conserved En.    Temperature Pressure (bar)
    1.92457e+03    8.21501e+02    3.03584e+02   -3.99285e+01

           Step           Time
          31000      620.00000

   Energies (kJ/mol)
           Bond        LJ (SR)   Coulomb (SR)      Potential    Kinetic En.
    1.54369e+03   -3.61791e+02    0.00000e+00    1.18190e+03    7.53626e+02
   Total Energy  Conserved En.    Temperature Pressure (bar)
    1.93552e+03    8.12143e+02    3.35705e+02    1.59035e+01

           Step           Time
          32000      640.00000

   Energies (kJ/mol)
           Bond        LJ (SR)   Coulomb (SR)      Potential    Kinetic En.
    1.64498e+03   -3.94026e+02    0.00000e+00    1.25095e+03    6.83904e+02
   Total Energy  Conserved En.    Temperature Pressure (bar)
    1.93486e+03    8.04602e+02    3.04647e+02   -5.79258e+01

           Step           Time
          33000      660.00000

   Energies (kJ/mol)
           Bond        LJ (SR)   Coulomb (SR)      Potential    Kinetic En.
    1.52709e+03   -3.53479e+02    0.00000e+00    1.17361e+03    7.32947e+02
   Total Energy  Conserved En.    Temperature Pressure (bar)
    1.90655e+03    7.96466e+02    3.26493e+02    6.74568e+01

           Step           Time
          34000      680.00000

   Energies (kJ/mol)
           Bond        LJ (SR)   Coulomb (SR)      Potential    Kinetic En.
    1.54155e+03   -3.55359e+02    0.00000e+00    1.18619e+03    7.06968e+02
   Total Energy  Conserved En.    Temperature Pressure (bar)
    1.89316e+03    7.87408e+02    3.14921e+02    8.36885e+00

           Step           Time
          35000      700.00000

   Energies (kJ/mol)
           Bond        LJ (SR)   Coulomb (SR)      Potential    Kinetic En.
    1.57116e+03   -3.86694e+02    0.00000e+00    1.18446e+03    7.01354e+02
   Total Energy  Conserved En.    Temperature Pressure (bar)
    1.88582e+03    7.79033e+02    3.12420e+02    3.68471e+00

           Step           Time
          36000      720.00000

   Energies (kJ/mol)
           Bond        LJ (SR)   Coulomb (SR)      Potential    Kinetic En.
    1.49460e+03   -2.98061e+02    0.00000e+00    1.19654e+03    6.99955e+02
   Total Energy  Conserved En.    Temperature Pressure (bar)
    1.89649e+03    7.72115e+02    3.11797e+02    7.04801e+01

           Step           Time
          37000      740.00000

   Energies (kJ/mol)
           Bond        LJ (SR)   Coulomb (SR)      Potential    Kinetic En.
    1.56660e+03   -3.55259e+02    0.00000e+00    1.21135e+03    6.96290e+02
   Total Energy  Conserved En.    Temperature Pressure (bar)
    1.90764e+03    7.64323e+02    3.10164e+02   -1.25939e+01

           Step           Time
          38000      760.00000

   Energies (kJ/mol)
           Bond        LJ (SR)   Coulomb (SR)      Potential    Kinetic En.
    1.60552e+03   -3.36646e+02    0.00000e+00    1.26888e+03    6.56561e+02
   Total Energy  Conserved En.    Temperature Pressure (bar)
    1.92544e+03    7.57910e+02    2.92467e+02   -2.65275e+01

           Step           Time
          39000      780.00000

   Energies (kJ/mol)
           Bond        LJ (SR)   Coulomb (SR)      Potential    Kinetic En.
    1.54234e+03   -3.56029e+02    0.00000e+00    1.18631e+03    6.74463e+02
   Total Energy  Conserved En.    Temperature Pressure (bar)
    1.86078e+03    7.51139e+02    3.00442e+02    4.51425e+01

           Step           Time
          40000      800.00000

   Energies (kJ/mol)
           Bond        LJ (SR)   Coulomb (SR)      Potential    Kinetic En.
    1.50821e+03   -3.18472e+02    0.00000e+00    1.18974e+03    7.00590e+02
   Total Energy  Conserved En.    Temperature Pressure (bar)
    1.89033e+03    7.43429e+02    3.12080e+02    5.07878e+01

           Step           Time
          41000      820.00000

   Energies (kJ/mol)
           Bond        LJ (SR)   Coulomb (SR)      Potential    Kinetic En.
    1.60348e+03   -3.51454e+02    0.00000e+00    1.25202e+03    6.50153e+02
   Total Energy  Conserved En.    Temperature Pressure (bar)
    1.90218e+03    7.36179e+02    2.89613e+02   -9.79757e+00

           Step           Time
          42000      840.00000

   Energies (kJ/mol)
           Bond        LJ (SR)   Coulomb (SR)      Potential    Kinetic En.
    1.55057e+03   -3.68319e+02    0.00000e+00    1.18226e+03    7.02581e+02
   Total Energy  Conserved En.    Temperature Pressure (bar)
    1.88484e+03    7.28708e+02    3.12967e+02    3.13056e+01

           Step           Time
          43000      860.00000

   Energies (kJ/mol)
           Bond        LJ (SR)   Coulomb (SR)      Potential    Kinetic En.
    1.54476e+03   -3.38896e+02    0.00000e+00    1.20586e+03    6.88306e+02
   Total Energy  Conserved En.    Temperature Pressure (bar)
    1.89417e+03    7.22721e+02    3.06608e+02    1.67907e+01

           Step           Time
          44000      880.00000

   Energies (kJ/mol)
           Bond        LJ (SR)   Coulomb (SR)      Potential    Kinetic En.
    1.52842e+03   -3.73666e+02    0.00000e+00    1.15475e+03    6.97935e+02
   Total Energy  Conserved En.    Temperature Pressure (bar)
    1.85269e+03    7.16487e+02    3.10897e+02   -1.83402e+01

           Step           Time
          45000      900.00000

   Energies (kJ/mol)
           Bond        LJ (SR)   Coulomb (SR)      Potential    Kinetic En.
    1.50710e+03   -3.22035e+02    0.00000e+00    1.18506e+03    6.53587e+02
   Total Energy  Conserved En.    Temperature Pressure (bar)
    1.83865e+03    7.10074e+02    2.91143e+02    3.28657e+01

           Step           Time
          46000      920.00000

   Energies (kJ/mol)
           Bond        LJ (SR)   Coulomb (SR)      Potential    Kinetic En.
    1.54254e+03   -4.05837e+02    0.00000e+00    1.13670e+03    7.20770e+02
   Total Energy  Conserved En.    Temperature Pressure (bar)
    1.85747e+03    7.03323e+02    3.21069e+02   -9.58962e+00

           Step           Time
          47000      940.00000

   Energies (kJ/mol)
           Bond        LJ (SR)   Coulomb (SR)      Potential    Kinetic En.
    1.55626e+03   -3.74918e+02    0.00000e+00    1.18135e+03    6.93543e+02
   Total Energy  Conserved En.    Temperature Pressure (bar)
    1.87489e+03    6.97226e+02    3.08941e+02   -2.80416e+01

           Step           Time
          48000      960.00000

   Energies (kJ/mol)
           Bond        LJ (SR)   Coulomb (SR)      Potential    Kinetic En.
    1.51172e+03   -3.88142e+02    0.00000e+00    1.12358e+03    7.14887e+02
   Total Energy  Conserved En.    Temperature Pressure (bar)
    1.83846e+03    6.92136e+02    3.18449e+02   -8.31551e+00

           Step           Time
          49000      980.00000

   Energies (kJ/mol)
           Bond        LJ (SR)   Coulomb (SR)      Potential    Kinetic En.
    1.54480e+03   -3.99536e+02    0.00000e+00    1.14527e+03    6.97645e+02
   Total Energy  Conserved En.    Temperature Pressure (bar)
    1.84291e+03    6.87953e+02    3.10768e+02    4.27580e+00

           Step           Time
          50000     1000.00000

Writing checkpoint, step 50000 at Tue Jun  6 10:41:27 2023


   Energies (kJ/mol)
           Bond        LJ (SR)   Coulomb (SR)      Potential    Kinetic En.
    1.56106e+03   -4.32959e+02    0.00000e+00    1.12811e+03    7.03943e+02
   Total Energy  Conserved En.    Temperature Pressure (bar)
    1.83205e+03    6.81466e+02    3.13574e+02   -4.58697e+01


Energy conservation over simulation part #1 of length 1000 ps, time 0 to 1000 ps
  Conserved energy drift: -2.28e-03 kJ/mol/ps per atom


	<======  ###############  ==>
	<====  A V E R A G E S  ====>
	<==  ###############  ======>

	Statistics over 50001 steps using 501 frames

   Energies (kJ/mol)
           Bond        LJ (SR)   Coulomb (SR)      Potential    Kinetic En.
    1.58592e+03   -3.51698e+02    0.00000e+00    1.23422e+03    6.94699e+02
   Total Energy  Conserved En.    Temperature Pressure (bar)
    1.92892e+03    8.70454e+02    3.09456e+02   -2.05674e+00

   Total Virial (kJ/mol)
    2.38781e+02    2.08404e+01   -2.06132e+00
    2.08404e+01    2.22822e+02    8.71854e+00
   -2.06131e+00    8.71856e+00    2.56320e+02

   Pressure (bar)
   -1.78248e+00   -8.85961e-01   -9.15256e-02
   -8.85965e-01   -7.97487e-01   -1.36336e+00
   -9.15289e-02   -1.36336e+00   -3.59025e+00


	M E G A - F L O P S   A C C O U N T I N G

 NB=Group-cutoff nonbonded kernels    NxN=N-by-N cluster Verlet kernels
 RF=Reaction-Field  VdW=Van der Waals  QSTab=quadratic-spline table
 W3=SPC/TIP3p  W4=TIP4p (single or pairs)
 V&F=Potential and force  V=Potential only  F=Force only

 Computing:                               M-Number         M-Flops  % Flops
-----------------------------------------------------------------------------
 Pair Search distance check               6.294288          56.649     0.2
 NxN RF Elec. + LJ [F]                  742.905472       28230.408    96.4
 NxN RF Elec. + LJ [V&F]                  7.519104         406.032     1.4
 Shift-X                                  0.181181           1.087     0.0
 Bonds                                    9.000180         531.011     1.8
 Virial                                   0.113226           2.038     0.0
 Stop-CM                                  0.090862           0.909     0.0
 Calc-Ekin                                1.810362          48.880     0.2
-----------------------------------------------------------------------------
 Total                                                   29277.012   100.0
-----------------------------------------------------------------------------


     R E A L   C Y C L E   A N D   T I M E   A C C O U N T I N G

On 1 MPI rank, each using 12 OpenMP threads

 Computing:          Num   Num      Call    Wall time         Giga-Cycles
                     Ranks Threads  Count      (s)         total sum    %
-----------------------------------------------------------------------------
 Neighbor search        1   12       1001       0.045          1.993   2.3
 Launch GPU ops.        1   12      50001       0.447         19.807  22.8
 Force                  1   12      50001       0.295         13.081  15.1
 Wait GPU NB local      1   12      50001       0.330         14.633  16.9
 NB X/F buffer ops.     1   12      99001       0.252         11.159  12.9
 Write traj.            1   12         51       0.218          9.688  11.2
 Update                 1   12      50001       0.254         11.259  13.0
 Rest                                           0.115          5.116   5.9
-----------------------------------------------------------------------------
 Total                                          1.956         86.735 100.0
-----------------------------------------------------------------------------

               Core t (s)   Wall t (s)        (%)
       Time:       23.466        1.956     1199.9
                 (ns/day)    (hour/ns)
Performance:    44181.826        0.001
Finished mdrun on rank 0 Tue Jun  6 10:41:27 2023

