
################################################################################

 PACKMOL - Packing optimization for the automated generation of
 starting configurations for molecular dynamics simulations.
 
                                                              Version 20.010 

################################################################################

  Packmol must be run with: packmol < inputfile.inp 

  Userguide at: http://m3g.iqm.unicamp.br/packmol 

  Reading input file... (Control-C aborts)
  Will move randomly bad molecues (movebadrandom) 
  Seed for random number generator:      1234567
  Output file: CELL.xyz
  Reading coordinate file: M1.xyz
  Reading coordinate file: C.xyz
  Number of independent structures:            2
  The structures are: 
  Structure            1 :(           1  atoms)
  Structure            2 :(           1  atoms)
  Maximum number of GENCAN loops for all molecule packing:          400
  Total number of restrictions:            3
  Distance tolerance:    4.0000000000000000     
  Number of molecules of type            1 :          180
  Number of molecules of type            2 :            1
  Total number of atoms:          181
  Molecule (           2 ) will be fixed.
  Total number of molecules:          181
  Number of fixed molecules:            1
  Number of free molecules:          180
  Number of variables:         1080
  Total number of fixed atoms:            1
  Maximum internal distance of type            1 :    0.0000000000000000     
  All atoms must be within these coordinates: 
   x: [   -1000.0000000000000      ,    1000.0000000000000       ] 
   y: [   -1000.0000000000000      ,    1000.0000000000000       ] 
   z: [   -1000.0000000000000      ,    1000.0000000000000       ] 
  If the system is larger than this, increase the sidemax parameter. 

################################################################################

  Building initial approximation ... 

################################################################################

  Adjusting initial point to fit the constraints 

--------------------------------------------------------------------------------

--------------------------------------------------------------------------------

  Molecules of type:            1

  Packing:|0                                                             100%|
          |******************************************************************|
          |*********************

  Restraint-only function value:    1.8104683482749991E-004
  Maximum violation of the restraints:    1.7694433786521766E-004

--------------------------------------------------------------------------------

  Rescaling maximum and minimum coordinates... 
  Computing size of patches... 
  Add fixed molecules to permanent arrays... 
  Reseting center of mass... 

--------------------------------------------------------------------------------

  Setting initial trial coordinates ... 

--------------------------------------------------------------------------------

--------------------------------------------------------------------------------

  Molecules of type:            1
  Adjusting random positions to fit the constraints. 
  Packing:|0                                                             100%|
          |****************************
  Restraint-only function value:    4.3076542469584964E-003
  Maximum violation of the restraints:    2.3988566422663026E-003

################################################################################

  Objective function at initial point:    18386.855381968297     

################################################################################

  Packing molecules of type:            1

################################################################################


--------------------------------------------------------------------------------

  Starting GENCAN loop:            0
  Scaling radii by:    1.1000000000000001     

  Packing:|0                                                             100%|
          |******************************************************************|
          |********************************************************

  Function value from last GENCAN loop: f = .15032E-01
  Best function value before: f = .18387E+05
  Improvement from best function value:    99.99 %
  Improvement from last loop:    99.99 %
  Maximum violation of target distance:     0.000000
  Maximum violation of the constraints: .27009E-02
  Current structure written to file: CELL.xyz
--------------------------------------------------------------------------------
  Packing solved for molecules of type           1
  Objective function value:    1.5032242045662701E-002
  Maximum violation of target distance:    0.0000000000000000     
  Max. constraint violation:    2.7008953348227577E-003
--------------------------------------------------------------------------------

################################################################################

  Packing all molecules together 

################################################################################


  Initial approximation is a solution. Nothing to do. 

  Solution written to file: CELL.xyz

################################################################################

                                 Success! 
              Final objective function value: .50185E+01
              Maximum violation of target distance:   0.000000
              Maximum violation of the constraints: .27009E-02

--------------------------------------------------------------------------------

              Please cite this work if Packmol was useful: 

           L. Martinez, R. Andrade, E. G. Birgin, J. M. Martinez, 
         PACKMOL: A package for building initial configurations for
                   molecular dynamics simulations. 
          Journal of Computational Chemistry, 30:2157-2164,2009.

################################################################################

   Running time:    2.90239993E-02  seconds. 

--------------------------------------------------------------------------------


